Change Component Comment : Designator=R103 Old Comment=51k New Comment=22k1
Added Component: Designator=C120(CAPC1608X09N)
Add component (AddParameter): Name = "Dielectric"; Value = ""; VariantName = "[No Variations]"
Add component (AddParameter): Name = "Value"; Value = "1p"; VariantName = "[No Variations]"
Add component (AddParameter): Name = "Voltage"; Value = ""; VariantName = "[No Variations]"
Added Component: Designator=C121(CAPC1608X09N)
Add component (AddParameter): Name = "Dielectric"; Value = ""; VariantName = "[No Variations]"
Add component (AddParameter): Name = "Value"; Value = "1p"; VariantName = "[No Variations]"
Add component (AddParameter): Name = "Voltage"; Value = ""; VariantName = "[No Variations]"
Added Component: Designator=J105(Solderbridge_3Way_New)
Added Component: Designator=U105(FP-2SMPB-02E-MFG)
Add component (AddParameter): Name = "Automotive"; Value = "No"; VariantName = "[No Variations]"
Add component (AddParameter): Name = "Category"; Value = "IC"; VariantName = "[No Variations]"
Add component (AddParameter): Name = "ComponentLink2Description"; Value = "Datasheet"; VariantName = "[No Variations]"
Add component (AddParameter): Name = "ComponentLink2URL"; Value = "https://omronfs.omron.com/en_US/ecb/products/pdf/en_2smpb_02e.pdf"; VariantName = "[No Variations]"
Add component (AddParameter): Name = "Device Class L1"; Value = "Sensors"; VariantName = "[No Variations]"
Add component (AddParameter): Name = "Device Class L2"; Value = "Pressure Sensors"; VariantName = "[No Variations]"
Add component (AddParameter): Name = "Device Class L3"; Value = "unset"; VariantName = "[No Variations]"
Add component (AddParameter): Name = "Digikey Description"; Value = "BAROMETRIC DGTL PRESS SENS 9LGA"; VariantName = "[No Variations]"
Add component (AddParameter): Name = "Height"; Value = "0.95mm"; VariantName = "[No Variations]"
Add component (AddParameter): Name = "Lead Free"; Value = "Yes"; VariantName = "[No Variations]"
Add component (AddParameter): Name = "Manufacturer"; Value = "Omron"; VariantName = "[No Variations]"
Add component (AddParameter): Name = "Manufacturer Part Number"; Value = "2SMPB-02E"; VariantName = "[No Variations]"
Add component (AddParameter): Name = "Max Supply Voltage"; Value = "3.6V"; VariantName = "[No Variations]"
Add component (AddParameter): Name = "Min Supply Voltage"; Value = "1.2V"; VariantName = "[No Variations]"
Add component (AddParameter): Name = "Octopart"; Value = "https://octopart.com/2smpb-02e-omron-87757861"; VariantName = "[No Variations]"
Add component (AddParameter): Name = "Operating Supply Current"; Value = "410-640uA"; VariantName = "[No Variations]"
Add component (AddParameter): Name = "Package"; Value = "2SMPB-02E"; VariantName = "[No Variations]"
Add component (AddParameter): Name = "Port Style"; Value = "No Port"; VariantName = "[No Variations]"
Add component (AddParameter): Name = "RoHS"; Value = "TRUE"; VariantName = "[No Variations]"
Add component (AddParameter): Name = "Sensor Output"; Value = "I2C,SPI"; VariantName = "[No Variations]"
Add component (AddParameter): Name = "Temperature"; Value = "-40°C to +85°C"; VariantName = "[No Variations]"
Add component (AddParameter): Name = "Temperature Range High"; Value = "+85°C"; VariantName = "[No Variations]"
Add component (AddParameter): Name = "Temperature Range Low"; Value = "-40°C"; VariantName = "[No Variations]"
Added Pin To Net: NetName=GND Pin=C120-1
Added Pin To Net: NetName=+3V3 Pin=C120-2
Added Pin To Net: NetName=GND Pin=C121-1
Added Pin To Net: NetName=+3V3 Pin=C121-2
Added Pin To Net: NetName=GND Pin=J105-1
Added Pin To Net: NetName=+3V3 Pin=J105-2
Added Pin To Net: NetName=GND Pin=U105-1
Added Pin To Net: NetName=+3V3 Pin=U105-2
Added Pin To Net: NetName=SDA Pin=U105-3
Added Pin To Net: NetName=SCL Pin=U105-4
Added Pin To Net: NetName=+3V3 Pin=U105-6
Added Pin To Net: NetName=GND Pin=U105-7
Added Pin To Net: NetName=+3V3 Pin=U105-8
Added Pin To Net: NetName=NetJ105_3 Pin=J105-3
Added Pin To Net: NetName=NetJ105_3 Pin=U105-5
Added Net: Name=NetJ105_3
Added Member To Class: ClassName=Sheet1 Member=Component C120 1u
Added Member To Class: ClassName=Sheet1 Member=Component C121 1u
Added Member To Class: ClassName=Sheet1 Member=Component J105 Solder Jumper
Added Member To Class: ClassName=Sheet1 Member=Component U105 2SMPB-02E
